{"/Users/ernest/projects/presentify/packages/presentify/src/lib/splitSlides.ts": {"path":"/Users/ernest/projects/presentify/packages/presentify/src/lib/splitSlides.ts","all":false,"statementMap":{"0":{"start":{"line":1,"column":0},"end":{"line":1,"column":58}},"1":{"start":{"line":2,"column":0},"end":{"line":2,"column":0}},"2":{"start":{"line":3,"column":0},"end":{"line":3,"column":71}},"3":{"start":{"line":4,"column":0},"end":{"line":4,"column":30}},"4":{"start":{"line":5,"column":0},"end":{"line":5,"column":20}},"5":{"start":{"line":6,"column":0},"end":{"line":6,"column":46}},"6":{"start":{"line":7,"column":0},"end":{"line":7,"column":0}},"7":{"start":{"line":8,"column":0},"end":{"line":8,"column":36}},"8":{"start":{"line":9,"column":0},"end":{"line":9,"column":43}},"9":{"start":{"line":10,"column":0},"end":{"line":10,"column":24}},"10":{"start":{"line":11,"column":0},"end":{"line":11,"column":23}},"11":{"start":{"line":12,"column":0},"end":{"line":12,"column":5}},"12":{"start":{"line":13,"column":0},"end":{"line":13,"column":5}},"13":{"start":{"line":14,"column":0},"end":{"line":14,"column":0}},"14":{"start":{"line":15,"column":0},"end":{"line":15,"column":24}},"15":{"start":{"line":16,"column":0},"end":{"line":16,"column":27}},"16":{"start":{"line":17,"column":0},"end":{"line":17,"column":63}},"17":{"start":{"line":18,"column":0},"end":{"line":18,"column":26}},"18":{"start":{"line":19,"column":0},"end":{"line":19,"column":30}},"19":{"start":{"line":20,"column":0},"end":{"line":20,"column":5}},"20":{"start":{"line":21,"column":0},"end":{"line":21,"column":50}},"21":{"start":{"line":22,"column":0},"end":{"line":22,"column":20}},"22":{"start":{"line":23,"column":0},"end":{"line":23,"column":0}},"23":{"start":{"line":24,"column":0},"end":{"line":24,"column":16}},"24":{"start":{"line":25,"column":0},"end":{"line":25,"column":2}}},"s":{"0":1,"1":1,"2":1,"3":1,"4":1,"5":1,"6":1,"7":1,"8":6,"9":6,"10":1,"11":1,"12":1,"13":1,"14":1,"15":1,"16":1,"17":1,"18":1,"19":1,"20":1,"21":1,"22":1,"23":1,"24":1},"branchMap":{"0":{"type":"branch","line":3,"loc":{"start":{"line":3,"column":27},"end":{"line":25,"column":2}},"locations":[{"start":{"line":3,"column":27},"end":{"line":25,"column":2}}]},"1":{"type":"branch","line":8,"loc":{"start":{"line":8,"column":19},"end":{"line":13,"column":3}},"locations":[{"start":{"line":8,"column":19},"end":{"line":13,"column":3}}]},"2":{"type":"branch","line":10,"loc":{"start":{"line":10,"column":23},"end":{"line":12,"column":5}},"locations":[{"start":{"line":10,"column":23},"end":{"line":12,"column":5}}]},"3":{"type":"branch","line":16,"loc":{"start":{"line":16,"column":17},"end":{"line":20,"column":3}},"locations":[{"start":{"line":16,"column":17},"end":{"line":20,"column":3}}]},"4":{"type":"branch","line":25,"loc":{"start":{"line":25,"column":0},"end":{"line":25,"column":2}},"locations":[{"start":{"line":25,"column":0},"end":{"line":25,"column":2}}]}},"b":{"0":[1],"1":[6],"2":[1],"3":[1],"4":[1]},"fnMap":{"0":{"name":"splitSlides","decl":{"start":{"line":3,"column":27},"end":{"line":25,"column":2}},"loc":{"start":{"line":3,"column":27},"end":{"line":25,"column":2}},"line":3},"1":{"name":"get","decl":{"start":{"line":25,"column":0},"end":{"line":25,"column":2}},"loc":{"start":{"line":25,"column":0},"end":{"line":25,"column":2}},"line":25}},"f":{"0":1,"1":1}}
}
